Generated at 2014-01-05 17:27:13 -0500
Chef::Exceptions::EnclosingDirectoryDoesNotExist: directory[~/tmp] (op::default line 55) had an error: Chef::Exceptions::EnclosingDirectoryDoesNotExist: Parent directory ~ does not exist, cannot create ~/tmp
/var/lib/gems/1.9.1/gems/chef-11.8.2/lib/chef/mixin/why_run.rb:241:in `run'
/var/lib/gems/1.9.1/gems/chef-11.8.2/lib/chef/mixin/why_run.rb:322:in `block in run'
/var/lib/gems/1.9.1/gems/chef-11.8.2/lib/chef/mixin/why_run.rb:321:in `each'
/var/lib/gems/1.9.1/gems/chef-11.8.2/lib/chef/mixin/why_run.rb:321:in `run'
/var/lib/gems/1.9.1/gems/chef-11.8.2/lib/chef/provider.rb:128:in `process_resource_requirements'
/var/lib/gems/1.9.1/gems/chef-11.8.2/lib/chef/provider.rb:104:in `run_action'
/var/lib/gems/1.9.1/gems/chef-11.8.2/lib/chef/resource.rb:625:in `run_action'
/var/lib/gems/1.9.1/gems/chef-11.8.2/lib/chef/runner.rb:49:in `run_action'
/var/lib/gems/1.9.1/gems/chef-11.8.2/lib/chef/runner.rb:81:in `block (2 levels) in converge'
/var/lib/gems/1.9.1/gems/chef-11.8.2/lib/chef/runner.rb:81:in `each'
/var/lib/gems/1.9.1/gems/chef-11.8.2/lib/chef/runner.rb:81:in `block in converge'
/var/lib/gems/1.9.1/gems/chef-11.8.2/lib/chef/resource_collection.rb:98:in `block in execute_each_resource'
/var/lib/gems/1.9.1/gems/chef-11.8.2/lib/chef/resource_collection/stepable_iterator.rb:116:in `call'
/var/lib/gems/1.9.1/gems/chef-11.8.2/lib/chef/resource_collection/stepable_iterator.rb:116:in `call_iterator_block'
/var/lib/gems/1.9.1/gems/chef-11.8.2/lib/chef/resource_collection/stepable_iterator.rb:85:in `step'
/var/lib/gems/1.9.1/gems/chef-11.8.2/lib/chef/resource_collection/stepable_iterator.rb:104:in `iterate'
/var/lib/gems/1.9.1/gems/chef-11.8.2/lib/chef/resource_collection/stepable_iterator.rb:55:in `each_with_index'
/var/lib/gems/1.9.1/gems/chef-11.8.2/lib/chef/resource_collection.rb:96:in `execute_each_resource'
/var/lib/gems/1.9.1/gems/chef-11.8.2/lib/chef/runner.rb:80:in `converge'
/var/lib/gems/1.9.1/gems/chef-11.8.2/lib/chef/client.rb:433:in `converge'
/var/lib/gems/1.9.1/gems/chef-11.8.2/lib/chef/client.rb:500:in `do_run'
/var/lib/gems/1.9.1/gems/chef-11.8.2/lib/chef/client.rb:199:in `block in run'
/var/lib/gems/1.9.1/gems/chef-11.8.2/lib/chef/client.rb:193:in `fork'
/var/lib/gems/1.9.1/gems/chef-11.8.2/lib/chef/client.rb:193:in `run'
/var/lib/gems/1.9.1/gems/chef-11.8.2/lib/chef/application.rb:208:in `run_chef_client'
/var/lib/gems/1.9.1/gems/chef-11.8.2/lib/chef/application/solo.rb:221:in `block in run_application'
/var/lib/gems/1.9.1/gems/chef-11.8.2/lib/chef/application/solo.rb:213:in `loop'
/var/lib/gems/1.9.1/gems/chef-11.8.2/lib/chef/application/solo.rb:213:in `run_application'
/var/lib/gems/1.9.1/gems/chef-11.8.2/lib/chef/application.rb:66:in `run'
/var/lib/gems/1.9.1/gems/chef-11.8.2/bin/chef-solo:25:in `<top (required)>'
/usr/local/bin/chef-solo:19:in `load'
/usr/local/bin/chef-solo:19:in `<main>'